mode: atomic
github.com/routebyintuition/uwncli/app.go:8.28,82.2 2 0
github.com/routebyintuition/uwncli/image.go:13.48,19.16 4 0
github.com/routebyintuition/uwncli/image.go:23.2,29.46 4 0
github.com/routebyintuition/uwncli/image.go:48.2,51.12 3 0
github.com/routebyintuition/uwncli/image.go:19.16,21.3 1 0
github.com/routebyintuition/uwncli/image.go:29.46,32.35 2 0
github.com/routebyintuition/uwncli/image.go:37.3,37.50 1 0
github.com/routebyintuition/uwncli/image.go:43.3,46.157 3 0
github.com/routebyintuition/uwncli/image.go:32.35,34.4 1 0
github.com/routebyintuition/uwncli/image.go:34.9,36.4 1 0
github.com/routebyintuition/uwncli/image.go:37.50,39.4 1 0
github.com/routebyintuition/uwncli/image.go:39.9,41.4 1 0
github.com/routebyintuition/uwncli/image.go:54.50,59.20 3 0
github.com/routebyintuition/uwncli/image.go:63.2,64.20 2 0
github.com/routebyintuition/uwncli/image.go:68.2,69.51 2 0
github.com/routebyintuition/uwncli/image.go:73.2,74.22 2 0
github.com/routebyintuition/uwncli/image.go:78.2,99.16 10 0
github.com/routebyintuition/uwncli/image.go:103.2,113.12 8 0
github.com/routebyintuition/uwncli/image.go:59.20,61.3 1 0
github.com/routebyintuition/uwncli/image.go:64.20,66.3 1 0
github.com/routebyintuition/uwncli/image.go:69.51,71.3 1 0
github.com/routebyintuition/uwncli/image.go:74.22,76.3 1 0
github.com/routebyintuition/uwncli/image.go:99.16,101.3 1 0
github.com/routebyintuition/uwncli/lib.go:35.66,38.2 2 0
github.com/routebyintuition/uwncli/lib.go:41.63,44.32 2 0
github.com/routebyintuition/uwncli/lib.go:50.2,51.17 2 0
github.com/routebyintuition/uwncli/lib.go:55.2,62.16 3 0
github.com/routebyintuition/uwncli/lib.go:67.2,67.17 1 0
github.com/routebyintuition/uwncli/lib.go:44.32,48.3 1 0
github.com/routebyintuition/uwncli/lib.go:51.17,53.3 1 0
github.com/routebyintuition/uwncli/lib.go:62.16,65.3 2 0
github.com/routebyintuition/uwncli/lib.go:71.36,74.2 2 2
github.com/routebyintuition/uwncli/lib.go:77.98,81.16 3 2
github.com/routebyintuition/uwncli/lib.go:86.2,90.25 3 2
github.com/routebyintuition/uwncli/lib.go:95.2,95.17 1 1
github.com/routebyintuition/uwncli/lib.go:99.2,99.19 1 1
github.com/routebyintuition/uwncli/lib.go:81.16,84.3 2 0
github.com/routebyintuition/uwncli/lib.go:90.25,93.3 2 1
github.com/routebyintuition/uwncli/lib.go:95.17,97.3 1 0
github.com/routebyintuition/uwncli/lib.go:103.55,110.2 5 0
github.com/routebyintuition/uwncli/lib.go:113.31,115.2 1 3
github.com/routebyintuition/uwncli/lib.go:118.62,120.2 1 0
github.com/routebyintuition/uwncli/lib.go:122.51,123.32 1 0
github.com/routebyintuition/uwncli/lib.go:129.2,129.14 1 0
github.com/routebyintuition/uwncli/lib.go:123.32,124.23 1 0
github.com/routebyintuition/uwncli/lib.go:124.23,126.4 1 0
github.com/routebyintuition/uwncli/lib.go:133.121,134.71 1 0
github.com/routebyintuition/uwncli/lib.go:134.71,135.37 1 0
github.com/routebyintuition/uwncli/lib.go:141.3,142.49 2 0
github.com/routebyintuition/uwncli/lib.go:146.3,146.30 1 0
github.com/routebyintuition/uwncli/lib.go:135.37,139.4 3 0
github.com/routebyintuition/uwncli/lib.go:142.49,144.4 1 0
github.com/routebyintuition/uwncli/lib.go:151.68,153.16 2 0
github.com/routebyintuition/uwncli/lib.go:157.2,157.47 1 0
github.com/routebyintuition/uwncli/lib.go:164.2,165.16 2 0
github.com/routebyintuition/uwncli/lib.go:168.2,168.12 1 0
github.com/routebyintuition/uwncli/lib.go:153.16,155.3 1 0
github.com/routebyintuition/uwncli/lib.go:157.47,159.17 2 0
github.com/routebyintuition/uwncli/lib.go:159.17,161.4 1 0
github.com/routebyintuition/uwncli/lib.go:165.16,167.3 1 0
github.com/routebyintuition/uwncli/main.go:24.13,69.40 6 0
github.com/routebyintuition/uwncli/main.go:151.2,152.16 2 0
github.com/routebyintuition/uwncli/main.go:69.40,73.6 3 0
github.com/routebyintuition/uwncli/main.go:110.40,114.6 3 0
github.com/routebyintuition/uwncli/main.go:133.40,137.6 3 0
github.com/routebyintuition/uwncli/main.go:152.16,154.3 1 0
github.com/routebyintuition/uwncli/profile.go:26.62,32.47 3 0
github.com/routebyintuition/uwncli/profile.go:37.2,40.16 3 0
github.com/routebyintuition/uwncli/profile.go:43.2,44.16 2 0
github.com/routebyintuition/uwncli/profile.go:47.2,56.16 7 0
github.com/routebyintuition/uwncli/profile.go:60.2,62.12 2 0
github.com/routebyintuition/uwncli/profile.go:32.47,35.3 2 0
github.com/routebyintuition/uwncli/profile.go:40.16,42.3 1 0
github.com/routebyintuition/uwncli/profile.go:44.16,46.3 1 0
github.com/routebyintuition/uwncli/profile.go:56.16,58.3 1 0
github.com/routebyintuition/uwncli/profile.go:65.52,69.16 3 0
github.com/routebyintuition/uwncli/profile.go:73.2,75.47 2 0
github.com/routebyintuition/uwncli/profile.go:80.2,83.16 3 0
github.com/routebyintuition/uwncli/profile.go:86.2,87.16 2 0
github.com/routebyintuition/uwncli/profile.go:90.2,99.16 7 0
github.com/routebyintuition/uwncli/profile.go:103.2,105.12 2 0
github.com/routebyintuition/uwncli/profile.go:69.16,71.3 1 0
github.com/routebyintuition/uwncli/profile.go:75.47,78.3 2 0
github.com/routebyintuition/uwncli/profile.go:83.16,85.3 1 0
github.com/routebyintuition/uwncli/profile.go:87.16,89.3 1 0
github.com/routebyintuition/uwncli/profile.go:99.16,101.3 1 0
github.com/routebyintuition/uwncli/profile.go:108.51,110.16 2 0
github.com/routebyintuition/uwncli/profile.go:114.2,116.16 3 0
github.com/routebyintuition/uwncli/profile.go:120.2,125.50 4 0
github.com/routebyintuition/uwncli/profile.go:132.2,137.12 5 0
github.com/routebyintuition/uwncli/profile.go:110.16,112.3 1 0
github.com/routebyintuition/uwncli/profile.go:116.16,118.3 1 0
github.com/routebyintuition/uwncli/profile.go:125.50,126.91 1 0
github.com/routebyintuition/uwncli/profile.go:126.91,129.4 2 0
github.com/routebyintuition/uwncli/profile.go:140.52,141.31 1 0
github.com/routebyintuition/uwncli/profile.go:145.2,148.16 3 0
github.com/routebyintuition/uwncli/profile.go:151.2,153.12 2 0
github.com/routebyintuition/uwncli/profile.go:141.31,143.3 1 0
github.com/routebyintuition/uwncli/profile.go:148.16,150.3 1 0
github.com/routebyintuition/uwncli/vm.go:14.45,26.36 9 0
github.com/routebyintuition/uwncli/vm.go:44.2,50.41 4 0
github.com/routebyintuition/uwncli/vm.go:53.2,56.12 3 0
github.com/routebyintuition/uwncli/vm.go:26.36,27.27 1 0
github.com/routebyintuition/uwncli/vm.go:31.3,34.17 3 0
github.com/routebyintuition/uwncli/vm.go:38.3,41.54 4 0
github.com/routebyintuition/uwncli/vm.go:27.27,29.4 1 0
github.com/routebyintuition/uwncli/vm.go:34.17,36.4 1 0
github.com/routebyintuition/uwncli/vm.go:50.41,52.3 1 0
github.com/routebyintuition/uwncli/vm.go:59.53,60.36 1 0
github.com/routebyintuition/uwncli/vm.go:64.2,64.31 1 0
github.com/routebyintuition/uwncli/vm.go:68.2,69.16 2 0
github.com/routebyintuition/uwncli/vm.go:72.2,72.37 1 0
github.com/routebyintuition/uwncli/vm.go:76.2,78.16 3 0
github.com/routebyintuition/uwncli/vm.go:82.2,95.16 11 0
github.com/routebyintuition/uwncli/vm.go:99.2,101.12 2 0
github.com/routebyintuition/uwncli/vm.go:60.36,62.3 1 0
github.com/routebyintuition/uwncli/vm.go:64.31,66.3 1 0
github.com/routebyintuition/uwncli/vm.go:69.16,71.3 1 0
github.com/routebyintuition/uwncli/vm.go:72.37,74.3 1 0
github.com/routebyintuition/uwncli/vm.go:78.16,80.3 1 0
github.com/routebyintuition/uwncli/vm.go:95.16,97.3 1 0
github.com/routebyintuition/uwncli/vm.go:104.44,105.36 1 0
github.com/routebyintuition/uwncli/vm.go:109.2,111.16 3 0
github.com/routebyintuition/uwncli/vm.go:115.2,119.61 3 0
github.com/routebyintuition/uwncli/vm.go:141.2,149.63 5 0
github.com/routebyintuition/uwncli/vm.go:157.2,161.12 5 0
github.com/routebyintuition/uwncli/vm.go:105.36,107.3 1 0
github.com/routebyintuition/uwncli/vm.go:111.16,113.3 1 0
github.com/routebyintuition/uwncli/vm.go:119.61,126.22 5 0
github.com/routebyintuition/uwncli/vm.go:130.3,130.22 1 0
github.com/routebyintuition/uwncli/vm.go:134.3,134.22 1 0
github.com/routebyintuition/uwncli/vm.go:138.3,138.104 1 0
github.com/routebyintuition/uwncli/vm.go:126.22,128.4 1 0
github.com/routebyintuition/uwncli/vm.go:130.22,132.4 1 0
github.com/routebyintuition/uwncli/vm.go:134.22,136.4 1 0
github.com/routebyintuition/uwncli/vm.go:149.63,151.42 2 0
github.com/routebyintuition/uwncli/vm.go:154.3,154.101 1 0
github.com/routebyintuition/uwncli/vm.go:151.42,153.4 1 0
github.com/routebyintuition/uwncli/vm.go:164.54,165.36 1 0
github.com/routebyintuition/uwncli/vm.go:168.2,171.46 3 0
github.com/routebyintuition/uwncli/vm.go:175.2,177.16 3 0
github.com/routebyintuition/uwncli/vm.go:181.2,193.16 10 0
github.com/routebyintuition/uwncli/vm.go:197.2,199.12 2 0
github.com/routebyintuition/uwncli/vm.go:165.36,167.3 1 0
github.com/routebyintuition/uwncli/vm.go:171.46,173.3 1 0
github.com/routebyintuition/uwncli/vm.go:177.16,179.3 1 0
github.com/routebyintuition/uwncli/vm.go:193.16,195.3 1 0
github.com/routebyintuition/uwncli/vm.go:202.49,203.36 1 0
github.com/routebyintuition/uwncli/vm.go:207.2,210.16 3 0
github.com/routebyintuition/uwncli/vm.go:214.2,218.61 3 0
github.com/routebyintuition/uwncli/vm.go:222.2,230.12 5 0
github.com/routebyintuition/uwncli/vm.go:203.36,205.3 1 0
github.com/routebyintuition/uwncli/vm.go:210.16,212.3 1 0
github.com/routebyintuition/uwncli/vm.go:218.61,220.3 1 0
